<?xml version="1.0" encoding="utf-8" standalone="no"?>
<!--This file represents the results of running a test suite-->
<test-results name="F:\Job\BrandWide\AutoSystem\SVN\trunk\TestSeleniumLib\bin\Debug\TestSeleniumLib.dll" total="1" errors="0" failures="0" not-run="0" inconclusive="0" ignored="0" skipped="0" invalid="0" date="2013-08-07" time="21:09:19">
  <environment nunit-version="2.6.2.12296" clr-version="2.0.50727.4927" os-version="Microsoft Windows NT 6.1.7600.0" platform="Win32NT" cwd="F:\Job\BrandWide\AutoSystem\SVN\trunk\TestSeleniumLib\bin\Debug" machine-name="DEAN-ПК" user="dean" user-domain="dean-ПК" />
  <culture-info current-culture="en-US" current-uiculture="ru-RU" />
  <test-suite type="Assembly" name="F:\Job\BrandWide\AutoSystem\SVN\trunk\TestSeleniumLib\bin\Debug\TestSeleniumLib.dll" executed="True" result="Success" success="True" time="48.268" asserts="0">
    <results>
      <test-suite type="Namespace" name="TestSeleniumLib" executed="True" result="Success" success="True" time="48.258" asserts="0">
        <results>
          <test-suite type="TestFixture" name="Driver" executed="True" result="Success" success="True" time="48.258" asserts="0">
            <results>
              <test-case name="TestSeleniumLib.Driver.StartTest" executed="True" result="Success" success="True" time="48.250" asserts="0" />
            </results>
          </test-suite>
        </results>
      </test-suite>
    </results>
  </test-suite>
</test-results>